<?xml version="1.0" encoding="UTF-8"?>
<!-- Generated by org.testng.reporters.JUnitXMLReporter -->
<testsuite hostname="rahul" failures="1" tests="1" name="Command line test" time="135.931" errors="0" timestamp="25 Sep 2019 18:44:53 GMT">
  <testcase classname="com.whatsapp.testsuite.Register" name="@AfterTest afterTest" time="0.0">
    <failure type="org.openqa.selenium.remote.SessionNotFoundException" message="A session is either terminated or not started (WARNING: The server did not provide any stacktrace information)
Command duration or timeout: 23 milliseconds
Build info: version: &amp;apos;2.46.0&amp;apos;, revision: &amp;apos;61506a4624b13675f24581e453592342b7485d71&amp;apos;, time: &amp;apos;2015-06-04 10:22:50&amp;apos;
System info: host: &amp;apos;rahul&amp;apos;, ip: &amp;apos;127.0.1.1&amp;apos;, os.name: &amp;apos;Linux&amp;apos;, os.arch: &amp;apos;amd64&amp;apos;, os.version: &amp;apos;4.18.0-15-generic&amp;apos;, java.version: &amp;apos;11.0.3&amp;apos;
Driver info: io.appium.java_client.android.AndroidDriver
Capabilities [{appPackage=com.disha.quickride, deviceScreenSize=1080x1920, networkConnectionEnabled=true, warnings={}, databaseEnabled=false, deviceName=3300d855ced2a389, platform=LINUX, deviceUDID=3300d855ced2a389, appActivity=com.disha.quickride.androidapp.startup.QRSplashActivity, desired={appPackage=com.disha.quickride, appActivity=com.disha.quickride.androidapp.startup.QRSplashActivity, platformVersion=8.1.0, platformName=Android, deviceName=Galaxy J7 Prime}, platformVersion=8.1.0, webStorageEnabled=false, locationContextEnabled=false, takesScreenshot=true, javascriptEnabled=true, deviceModel=SM-G610F, platformName=Android, deviceManufacturer=samsung}]
Session ID: 57f62c36-b25a-472a-89af-3b630fcf58f7">
      <![CDATA[org.openqa.selenium.remote.SessionNotFoundException: A session is either terminated or not started (WARNING: The server did not provide any stacktrace information)
Command duration or timeout: 23 milliseconds
Build info: version: '2.46.0', revision: '61506a4624b13675f24581e453592342b7485d71', time: '2015-06-04 10:22:50'
System info: host: 'rahul', ip: '127.0.1.1', os.name: 'Linux', os.arch: 'amd64', os.version: '4.18.0-15-generic', java.version: '11.0.3'
Driver info: io.appium.java_client.android.AndroidDriver
Capabilities [{appPackage=com.disha.quickride, deviceScreenSize=1080x1920, networkConnectionEnabled=true, warnings={}, databaseEnabled=false, deviceName=3300d855ced2a389, platform=LINUX, deviceUDID=3300d855ced2a389, appActivity=com.disha.quickride.androidapp.startup.QRSplashActivity, desired={appPackage=com.disha.quickride, appActivity=com.disha.quickride.androidapp.startup.QRSplashActivity, platformVersion=8.1.0, platformName=Android, deviceName=Galaxy J7 Prime}, platformVersion=8.1.0, webStorageEnabled=false, locationContextEnabled=false, takesScreenshot=true, javascriptEnabled=true, deviceModel=SM-G610F, platformName=Android, deviceManufacturer=samsung}]
Session ID: 57f62c36-b25a-472a-89af-3b630fcf58f7
	at org.openqa.selenium.remote.ErrorHandler.createThrowable(ErrorHandler.java:204)
	at org.openqa.selenium.remote.ErrorHandler.throwIfResponseFailed(ErrorHandler.java:162)
	at org.openqa.selenium.remote.RemoteWebDriver.execute(RemoteWebDriver.java:605)
	at io.appium.java_client.DefaultGenericMobileDriver.execute(DefaultGenericMobileDriver.java:27)
	at io.appium.java_client.AppiumDriver.execute(AppiumDriver.java:272)
	at org.openqa.selenium.remote.RemoteWebDriver.quit(RemoteWebDriver.java:474)
	at com.whatsapp.testsuite.Register.afterTest(Register.java:32)
... Removed 35 stack frames]]>
    </failure>
  </testcase> <!-- @AfterTest afterTest -->
  <testcase classname="com.whatsapp.testsuite.Register" name="bookRide" time="124.118">
    <failure type="org.openqa.selenium.remote.SessionNotFoundException" message="A session is either terminated or not started (WARNING: The server did not provide any stacktrace information)
Command duration or timeout: 122.04 seconds
Build info: version: &amp;apos;2.46.0&amp;apos;, revision: &amp;apos;61506a4624b13675f24581e453592342b7485d71&amp;apos;, time: &amp;apos;2015-06-04 10:22:50&amp;apos;
System info: host: &amp;apos;rahul&amp;apos;, ip: &amp;apos;127.0.1.1&amp;apos;, os.name: &amp;apos;Linux&amp;apos;, os.arch: &amp;apos;amd64&amp;apos;, os.version: &amp;apos;4.18.0-15-generic&amp;apos;, java.version: &amp;apos;11.0.3&amp;apos;
Driver info: io.appium.java_client.android.AndroidDriver
Capabilities [{appPackage=com.disha.quickride, deviceScreenSize=1080x1920, networkConnectionEnabled=true, warnings={}, databaseEnabled=false, deviceName=3300d855ced2a389, platform=LINUX, deviceUDID=3300d855ced2a389, appActivity=com.disha.quickride.androidapp.startup.QRSplashActivity, desired={appPackage=com.disha.quickride, appActivity=com.disha.quickride.androidapp.startup.QRSplashActivity, platformVersion=8.1.0, platformName=Android, deviceName=Galaxy J7 Prime}, platformVersion=8.1.0, webStorageEnabled=false, locationContextEnabled=false, takesScreenshot=true, javascriptEnabled=true, deviceModel=SM-G610F, platformName=Android, deviceManufacturer=samsung}]
Session ID: 57f62c36-b25a-472a-89af-3b630fcf58f7">
      <![CDATA[org.openqa.selenium.remote.SessionNotFoundException: A session is either terminated or not started (WARNING: The server did not provide any stacktrace information)
Command duration or timeout: 122.04 seconds
Build info: version: '2.46.0', revision: '61506a4624b13675f24581e453592342b7485d71', time: '2015-06-04 10:22:50'
System info: host: 'rahul', ip: '127.0.1.1', os.name: 'Linux', os.arch: 'amd64', os.version: '4.18.0-15-generic', java.version: '11.0.3'
Driver info: io.appium.java_client.android.AndroidDriver
Capabilities [{appPackage=com.disha.quickride, deviceScreenSize=1080x1920, networkConnectionEnabled=true, warnings={}, databaseEnabled=false, deviceName=3300d855ced2a389, platform=LINUX, deviceUDID=3300d855ced2a389, appActivity=com.disha.quickride.androidapp.startup.QRSplashActivity, desired={appPackage=com.disha.quickride, appActivity=com.disha.quickride.androidapp.startup.QRSplashActivity, platformVersion=8.1.0, platformName=Android, deviceName=Galaxy J7 Prime}, platformVersion=8.1.0, webStorageEnabled=false, locationContextEnabled=false, takesScreenshot=true, javascriptEnabled=true, deviceModel=SM-G610F, platformName=Android, deviceManufacturer=samsung}]
Session ID: 57f62c36-b25a-472a-89af-3b630fcf58f7
	at org.openqa.selenium.remote.ErrorHandler.createThrowable(ErrorHandler.java:204)
	at org.openqa.selenium.remote.ErrorHandler.throwIfResponseFailed(ErrorHandler.java:162)
	at org.openqa.selenium.remote.RemoteWebDriver.execute(RemoteWebDriver.java:605)
	at io.appium.java_client.DefaultGenericMobileDriver.execute(DefaultGenericMobileDriver.java:27)
	at io.appium.java_client.AppiumDriver.execute(AppiumDriver.java:1)
	at io.appium.java_client.android.AndroidDriver.execute(AndroidDriver.java:1)
	at org.openqa.selenium.remote.RemoteWebElement.execute(RemoteWebElement.java:269)
	at io.appium.java_client.DefaultGenericMobileElement.execute(DefaultGenericMobileElement.java:27)
	at io.appium.java_client.MobileElement.execute(MobileElement.java:1)
	at io.appium.java_client.android.AndroidElement.execute(AndroidElement.java:1)
	at org.openqa.selenium.remote.RemoteWebElement.click(RemoteWebElement.java:80)
	at com.whatsapp.testsuite.Register.bookRide(Register.java:50)
... Removed 37 stack frames]]>
    </failure>
  </testcase> <!-- bookRide -->
</testsuite> <!-- Command line test -->
