<?xml version="1.0" encoding="UTF-8" ?>
<testsuite tests="2" failures="2" name="com.whatsapp.testsuite.Register" time="248.286" errors="0" skipped="0">
  <properties>
[...]
</properties>
  <testcase classname="com.whatsapp.testsuite.Register" name="bookRide" time="124.133">
    <failure message="A session is either terminated or not started (WARNING: The server did not provide any stacktrace information)
Command duration or timeout: 122.04 seconds
Build info: version: &apos;2.46.0&apos;, revision: &apos;61506a4624b13675f24581e453592342b7485d71&apos;, time: &apos;2015-06-04 10:22:50&apos;
System info: host: &apos;rahul&apos;, ip: &apos;127.0.1.1&apos;, os.name: &apos;Linux&apos;, os.arch: &apos;amd64&apos;, os.version: &apos;4.18.0-15-generic&apos;, java.version: &apos;11.0.3&apos;
Driver info: io.appium.java_client.android.AndroidDriver
Capabilities [{appPackage=com.disha.quickride, deviceScreenSize=1080x1920, networkConnectionEnabled=true, warnings={}, databaseEnabled=false, deviceName=3300d855ced2a389, platform=LINUX, deviceUDID=3300d855ced2a389, appActivity=com.disha.quickride.androidapp.startup.QRSplashActivity, desired={appPackage=com.disha.quickride, appActivity=com.disha.quickride.androidapp.startup.QRSplashActivity, platformVersion=8.1.0, platformName=Android, deviceName=Galaxy J7 Prime}, platformVersion=8.1.0, webStorageEnabled=false, locationContextEnabled=false, takesScreenshot=true, javascriptEnabled=true, deviceModel=SM-G610F, platformName=Android, deviceManufacturer=samsung}]
Session ID: 57f62c36-b25a-472a-89af-3b630fcf58f7" type="org.openqa.selenium.remote.SessionNotFoundException">org.openqa.selenium.remote.SessionNotFoundException: A session is either terminated or not started (WARNING: The server did not provide any stacktrace information)
Command duration or timeout: 122.04 seconds
Build info: version: &apos;2.46.0&apos;, revision: &apos;61506a4624b13675f24581e453592342b7485d71&apos;, time: &apos;2015-06-04 10:22:50&apos;
System info: host: &apos;rahul&apos;, ip: &apos;127.0.1.1&apos;, os.name: &apos;Linux&apos;, os.arch: &apos;amd64&apos;, os.version: &apos;4.18.0-15-generic&apos;, java.version: &apos;11.0.3&apos;
Driver info: io.appium.java_client.android.AndroidDriver
Capabilities [{appPackage=com.disha.quickride, deviceScreenSize=1080x1920, networkConnectionEnabled=true, warnings={}, databaseEnabled=false, deviceName=3300d855ced2a389, platform=LINUX, deviceUDID=3300d855ced2a389, appActivity=com.disha.quickride.androidapp.startup.QRSplashActivity, desired={appPackage=com.disha.quickride, appActivity=com.disha.quickride.androidapp.startup.QRSplashActivity, platformVersion=8.1.0, platformName=Android, deviceName=Galaxy J7 Prime}, platformVersion=8.1.0, webStorageEnabled=false, locationContextEnabled=false, takesScreenshot=true, javascriptEnabled=true, deviceModel=SM-G610F, platformName=Android, deviceManufacturer=samsung}]
Session ID: 57f62c36-b25a-472a-89af-3b630fcf58f7
	at java.base/jdk.internal.reflect.NativeConstructorAccessorImpl.newInstance0(Native Method)
	at java.base/jdk.internal.reflect.NativeConstructorAccessorImpl.newInstance(NativeConstructorAccessorImpl.java:62)
	at java.base/jdk.internal.reflect.DelegatingConstructorAccessorImpl.newInstance(DelegatingConstructorAccessorImpl.java:45)
	at java.base/java.lang.reflect.Constructor.newInstance(Constructor.java:490)
	at org.openqa.selenium.remote.ErrorHandler.createThrowable(ErrorHandler.java:204)
	at org.openqa.selenium.remote.ErrorHandler.throwIfResponseFailed(ErrorHandler.java:162)
	at org.openqa.selenium.remote.RemoteWebDriver.execute(RemoteWebDriver.java:605)
	at io.appium.java_client.DefaultGenericMobileDriver.execute(DefaultGenericMobileDriver.java:27)
	at io.appium.java_client.AppiumDriver.execute(AppiumDriver.java:1)
	at io.appium.java_client.android.AndroidDriver.execute(AndroidDriver.java:1)
	at org.openqa.selenium.remote.RemoteWebElement.execute(RemoteWebElement.java:269)
	at io.appium.java_client.DefaultGenericMobileElement.execute(DefaultGenericMobileElement.java:27)
	at io.appium.java_client.MobileElement.execute(MobileElement.java:1)
	at io.appium.java_client.android.AndroidElement.execute(AndroidElement.java:1)
	at org.openqa.selenium.remote.RemoteWebElement.click(RemoteWebElement.java:80)
	at com.whatsapp.testsuite.Register.bookRide(Register.java:50)
</failure>
    <system-out>Configuring TestNG with: org.apache.maven.surefire.testng.conf.TestNG652Configurator@46f5f779
</system-out>
  </testcase>
  <testcase classname="com.whatsapp.testsuite.Register" name="afterTest" time="124.153">
    <failure message="A session is either terminated or not started (WARNING: The server did not provide any stacktrace information)
Command duration or timeout: 23 milliseconds
Build info: version: &apos;2.46.0&apos;, revision: &apos;61506a4624b13675f24581e453592342b7485d71&apos;, time: &apos;2015-06-04 10:22:50&apos;
System info: host: &apos;rahul&apos;, ip: &apos;127.0.1.1&apos;, os.name: &apos;Linux&apos;, os.arch: &apos;amd64&apos;, os.version: &apos;4.18.0-15-generic&apos;, java.version: &apos;11.0.3&apos;
Driver info: io.appium.java_client.android.AndroidDriver
Capabilities [{appPackage=com.disha.quickride, deviceScreenSize=1080x1920, networkConnectionEnabled=true, warnings={}, databaseEnabled=false, deviceName=3300d855ced2a389, platform=LINUX, deviceUDID=3300d855ced2a389, appActivity=com.disha.quickride.androidapp.startup.QRSplashActivity, desired={appPackage=com.disha.quickride, appActivity=com.disha.quickride.androidapp.startup.QRSplashActivity, platformVersion=8.1.0, platformName=Android, deviceName=Galaxy J7 Prime}, platformVersion=8.1.0, webStorageEnabled=false, locationContextEnabled=false, takesScreenshot=true, javascriptEnabled=true, deviceModel=SM-G610F, platformName=Android, deviceManufacturer=samsung}]
Session ID: 57f62c36-b25a-472a-89af-3b630fcf58f7" type="org.openqa.selenium.remote.SessionNotFoundException">org.openqa.selenium.remote.SessionNotFoundException: A session is either terminated or not started (WARNING: The server did not provide any stacktrace information)
Command duration or timeout: 23 milliseconds
Build info: version: &apos;2.46.0&apos;, revision: &apos;61506a4624b13675f24581e453592342b7485d71&apos;, time: &apos;2015-06-04 10:22:50&apos;
System info: host: &apos;rahul&apos;, ip: &apos;127.0.1.1&apos;, os.name: &apos;Linux&apos;, os.arch: &apos;amd64&apos;, os.version: &apos;4.18.0-15-generic&apos;, java.version: &apos;11.0.3&apos;
Driver info: io.appium.java_client.android.AndroidDriver
Capabilities [{appPackage=com.disha.quickride, deviceScreenSize=1080x1920, networkConnectionEnabled=true, warnings={}, databaseEnabled=false, deviceName=3300d855ced2a389, platform=LINUX, deviceUDID=3300d855ced2a389, appActivity=com.disha.quickride.androidapp.startup.QRSplashActivity, desired={appPackage=com.disha.quickride, appActivity=com.disha.quickride.androidapp.startup.QRSplashActivity, platformVersion=8.1.0, platformName=Android, deviceName=Galaxy J7 Prime}, platformVersion=8.1.0, webStorageEnabled=false, locationContextEnabled=false, takesScreenshot=true, javascriptEnabled=true, deviceModel=SM-G610F, platformName=Android, deviceManufacturer=samsung}]
Session ID: 57f62c36-b25a-472a-89af-3b630fcf58f7
	at java.base/jdk.internal.reflect.NativeConstructorAccessorImpl.newInstance0(Native Method)
	at java.base/jdk.internal.reflect.NativeConstructorAccessorImpl.newInstance(NativeConstructorAccessorImpl.java:62)
	at java.base/jdk.internal.reflect.DelegatingConstructorAccessorImpl.newInstance(DelegatingConstructorAccessorImpl.java:45)
	at java.base/java.lang.reflect.Constructor.newInstance(Constructor.java:490)
	at org.openqa.selenium.remote.ErrorHandler.createThrowable(ErrorHandler.java:204)
	at org.openqa.selenium.remote.ErrorHandler.throwIfResponseFailed(ErrorHandler.java:162)
	at org.openqa.selenium.remote.RemoteWebDriver.execute(RemoteWebDriver.java:605)
	at io.appium.java_client.DefaultGenericMobileDriver.execute(DefaultGenericMobileDriver.java:27)
	at io.appium.java_client.AppiumDriver.execute(AppiumDriver.java:272)
	at org.openqa.selenium.remote.RemoteWebDriver.quit(RemoteWebDriver.java:474)
	at com.whatsapp.testsuite.Register.afterTest(Register.java:32)
</failure>
  </testcase>
</testsuite>