<?xml version="1.0" encoding="UTF-8"?>
<testng-results ignored="0" total="1" passed="1" failed="0" skipped="0">
  <reporter-output>
  </reporter-output>
  <suite started-at="2019-09-26T22:33:19 IST" name="Default suite" finished-at="2019-09-26T22:34:55 IST" duration-ms="96096">
    <groups>
    </groups>
    <test started-at="2019-09-26T22:33:19 IST" name="Default test" finished-at="2019-09-26T22:34:55 IST" duration-ms="96096">
      <class name="com.quickride.testsuite.BookRide">
        <test-method is-config="true" signature="beforeTest()[pri:0, instance:com.quickride.testsuite.BookRide@123ef382]" started-at="2019-09-26T22:33:19 IST" name="beforeTest" finished-at="2019-09-26T22:33:30 IST" duration-ms="11179" status="PASS">
          <reporter-output>
          </reporter-output>
        </test-method> <!-- beforeTest -->
        <test-method signature="bookRide()[pri:0, instance:com.quickride.testsuite.BookRide@123ef382]" started-at="2019-09-26T22:33:30 IST" name="bookRide" finished-at="2019-09-26T22:34:52 IST" duration-ms="82132" status="PASS">
          <reporter-output>
          </reporter-output>
        </test-method> <!-- bookRide -->
        <test-method is-config="true" signature="afterTest()[pri:0, instance:com.quickride.testsuite.BookRide@123ef382]" started-at="2019-09-26T22:34:52 IST" name="afterTest" finished-at="2019-09-26T22:34:55 IST" duration-ms="2756" status="PASS">
          <reporter-output>
          </reporter-output>
        </test-method> <!-- afterTest -->
      </class> <!-- com.quickride.testsuite.BookRide -->
    </test> <!-- Default test -->
  </suite> <!-- Default suite -->
</testng-results>
